app/build/outputs/logs/manifest-merger-release-report.txt
-- Merging decision tree log ---
manifest
ADDED from src\main\AndroidManifest.xml:2:1-368:12
INJECTED from src\main\AndroidManifest.xml:2:1-368:12
INJECTED from src\main\AndroidManifest.xml:2:1-368:12
INJECTED from src\main\AndroidManifest.xml:2:1-368:12
MERGED from [com.google.android.gms:play-services-plus:16.0.0] AndroidManifest.xml:17:1-24:12
MERGED from [com.google.android.gms:play-services-games:16.0.0] AndroidManifest.xml:17:1-24:12
MERGED from [com.google.android.gms:play-services-ads:17.1.2] AndroidManifest.xml:17:1-25:12
MERGED from [com.google.android.gms:play-services-location:16.0.0] AndroidManifest.xml:2:1-9:12
MERGED from [com.android.support:multidex:1.0.3] AndroidManifest.xml:17:1-22:12
MERGED from [:adcolony-3.3.4:] AndroidManifest.xml:2:1-13:12
MERGED from [:mobvista-9.0.0-alphab:] AndroidManifest.xml:2:1-14:12
MERGED from [:mobvista-9.0.0-common:] AndroidManifest.xml:2:1-15:12
MERGED from [:mobvista-9.0.0-interstitial:] AndroidManifest.xml:2:1-15:12
MERGED from [:mobvista-9.0.0-interstitialvideo:] AndroidManifest.xml:2:1-11:12
MERGED from [:mobvista-9.0.0-mtgdownloads:] AndroidManifest.xml:2:1-14:12
MERGED from [:mobvista-9.0.0-mtgjscommon:] AndroidManifest.xml:2:1-14:12
MERGED from [:mobvista-9.0.0-mtgnative:] AndroidManifest.xml:2:1-15:12
MERGED from [:mobvista-9.0.0-nativeex:] AndroidManifest.xml:2:1-15:12
MERGED from [:mobvista-9.0.0-playercommon:] AndroidManifest.xml:2:1-15:12
MERGED from [:mobvista-9.0.0-reward:] AndroidManifest.xml:2:1-15:12
MERGED from [:mobvista-9.0.0-videocommon:] AndroidManifest.xml:2:1-15:12
MERGED from [:mobvista-9.0.0-videojs:] AndroidManifest.xml:2:1-11:12
MERGED from [:ogury-3.0.13:] AndroidManifest.xml:2:1-55:12
MERGED from [com.google.firebase:firebase-core:16.0.6] AndroidManifest.xml:2:1-9:12
MERGED from [com.google.android.gms:play-services-audience:16.0.0] AndroidManifest.xml:17:1-24:12
MERGED from [com.google.android.gms:play-services-drive:16.0.0] AndroidManifest.xml:17:1-24:12
MERGED from [com.google.firebase:firebase-measurement-connector-impl:17.0.4] AndroidManifest.xml:17:1-34:12
MERGED from [com.google.firebase:firebase-analytics:16.0.6] AndroidManifest.xml:17:1-55:12
MERGED from [com.google.android.gms:play-services-measurement-api:16.0.4] AndroidManifest.xml:17:1-25:12
MERGED from [com.google.firebase:firebase-analytics-impl:16.2.4] AndroidManifest.xml:17:1-40:12
MERGED from [com.google.firebase:firebase-iid:17.0.3] AndroidManifest.xml:17:1-59:12
MERGED from [com.google.firebase:firebase-iid-interop:16.0.1] AndroidManifest.xml:2:1-10:12
MERGED from [com.google.android.gms:play-services-base:16.0.1] AndroidManifest.xml:17:1-29:12
MERGED from [com.google.firebase:firebase-common:16.0.3] AndroidManifest.xml:2:1-17:12
MERGED from [com.google.android.gms:play-services-tasks:16.0.1] AndroidManifest.xml:2:1-9:12
MERGED from [com.google.android.gms:play-services-ads-identifier:16.0.0] AndroidManifest.xml:17:1-24:12
MERGED from [com.google.android.gms:play-services-ads-lite:17.1.2] AndroidManifest.xml:17:1-42:12
MERGED from [com.google.android.gms:play-services-gass:17.1.2] AndroidManifest.xml:2:1-9:12
MERGED from [com.google.android.gms:play-services-places-placereport:16.0.0] AndroidManifest.xml:17:1-24:12
MERGED from [com.google.android.gms:play-services-measurement-sdk-api:16.0.4] AndroidManifest.xml:17:1-30:12
MERGED from [com.google.android.gms:play-services-measurement-base:16.0.5] AndroidManifest.xml:2:1-9:12
MERGED from [com.google.android.gms:play-services-stats:16.0.1] AndroidManifest.xml:2:1-9:12
MERGED from [com.google.firebase:firebase-measurement-connector:17.0.1] AndroidManifest.xml:17:1-25:12
MERGED from [com.google.android.gms:play-services-basement:16.0.1] AndroidManifest.xml:17:1-28:12
MERGED from [com.android.support:customtabs:26.1.0] AndroidManifest.xml:17:1-28:12
MERGED from [com.google.android.gms:play-services-ads-base:17.1.2] AndroidManifest.xml:2:1-9:12
MERGED from [com.android.support:support-v4:26.1.0] AndroidManifest.xml:17:1-31:12
MERGED from [com.android.support:support-media-compat:26.1.0] AndroidManifest.xml:17:1-31:12
MERGED from [com.android.support:support-fragment:26.1.0] AndroidManifest.xml:17:1-31:12
MERGED from [com.android.support:support-core-utils:26.1.0] AndroidManifest.xml:17:1-31:12
MERGED from [com.android.support:support-core-ui:26.1.0] AndroidManifest.xml:17:1-31:12
MERGED from [com.android.support:support-compat:26.1.0] AndroidManifest.xml:17:1-31:12
MERGED from [android.arch.lifecycle:runtime:1.0.0] AndroidManifest.xml:17:1-30:12
INJECTED from src\main\AndroidManifest.xml:2:1-368:12
INJECTED from src\main\AndroidManifest.xml:2:1-368:12
INJECTED from src\main\AndroidManifest.xml:2:1-368:12
	package
		ADDED from src\main\AndroidManifest.xml:4:5-38
		INJECTED from src\main\AndroidManifest.xml
		INJECTED from src\main\AndroidManifest.xml
	android:versionName
		ADDED from src\main\AndroidManifest.xml:6:5-30
		INJECTED from src\main\AndroidManifest.xml
		INJECTED from src\main\AndroidManifest.xml
	xmlns:tools
		ADDED from src\main\AndroidManifest.xml:3:5-51
	xmlns:android
		ADDED from src\main\AndroidManifest.xml:2:11-69
	android:versionCode
		ADDED from src\main\AndroidManifest.xml:5:5-29
		INJECTED from src\main\AndroidManifest.xml
		INJECTED from src\main\AndroidManifest.xml
application
ADDED from src\main\AndroidManifest.xml:8:5-338:19
MERGED from [com.google.android.gms:play-services-plus:16.0.0] AndroidManifest.xml:22:5-20
MERGED from [com.google.android.gms:play-services-plus:16.0.0] AndroidManifest.xml:22:5-20
MERGED from [com.google.android.gms:play-services-games:16.0.0] AndroidManifest.xml:22:5-20
MERGED from [com.google.android.gms:play-services-games:16.0.0] AndroidManifest.xml:22:5-20
MERGED from [com.google.android.gms:play-services-location:16.0.0] AndroidManifest.xml:7:5-20
MERGED from [com.google.android.gms:play-services-location:16.0.0] AndroidManifest.xml:7:5-20
MERGED from [:mobvista-9.0.0-alphab:] AndroidManifest.xml:11:5-12:19
MERGED from [:mobvista-9.0.0-alphab:] AndroidManifest.xml:11:5-12:19
MERGED from [:mobvista-9.0.0-common:] AndroidManifest.xml:12:5-13:19
MERGED from [:mobvista-9.0.0-common:] AndroidManifest.xml:12:5-13:19
MERGED from [:mobvista-9.0.0-interstitial:] AndroidManifest.xml:12:5-13:19
MERGED from [:mobvista-9.0.0-interstitial:] AndroidManifest.xml:12:5-13:19
MERGED from [:mobvista-9.0.0-mtgdownloads:] AndroidManifest.xml:11:5-12:19
MERGED from [:mobvista-9.0.0-mtgdownloads:] AndroidManifest.xml:11:5-12:19
MERGED from [:mobvista-9.0.0-mtgjscommon:] AndroidManifest.xml:11:5-12:19
MERGED from [:mobvista-9.0.0-mtgjscommon:] AndroidManifest.xml:11:5-12:19
MERGED from [:mobvista-9.0.0-mtgnative:] AndroidManifest.xml:12:5-13:19
MERGED from [:mobvista-9.0.0-mtgnative:] AndroidManifest.xml:12:5-13:19
MERGED from [:mobvista-9.0.0-nativeex:] AndroidManifest.xml:12:5-13:19
MERGED from [:mobvista-9.0.0-nativeex:] AndroidManifest.xml:12:5-13:19
MERGED from [:mobvista-9.0.0-playercommon:] AndroidManifest.xml:12:5-13:19
MERGED from [:mobvista-9.0.0-playercommon:] AndroidManifest.xml:12:5-13:19
MERGED from [:mobvista-9.0.0-reward:] AndroidManifest.xml:12:5-13:19
MERGED from [:mobvista-9.0.0-reward:] AndroidManifest.xml:12:5-13:19
MERGED from [:mobvista-9.0.0-videocommon:] AndroidManifest.xml:12:5-13:19
MERGED from [:mobvista-9.0.0-videocommon:] AndroidManifest.xml:12:5-13:19
MERGED from [:ogury-3.0.13:] AndroidManifest.xml:15:5-53:19
MERGED from [:ogury-3.0.13:] AndroidManifest.xml:15:5-53:19
MERGED from [com.google.firebase:firebase-core:16.0.6] AndroidManifest.xml:7:5-20
MERGED from [com.google.firebase:firebase-core:16.0.6] AndroidManifest.xml:7:5-20
MERGED from [com.google.android.gms:play-services-audience:16.0.0] AndroidManifest.xml:22:5-20
MERGED from [com.google.android.gms:play-services-audience:16.0.0] AndroidManifest.xml:22:5-20
MERGED from [com.google.android.gms:play-services-drive:16.0.0] AndroidManifest.xml:22:5-20
MERGED from [com.google.android.gms:play-services-drive:16.0.0] AndroidManifest.xml:22:5-20
MERGED from [com.google.firebase:firebase-measurement-connector-impl:17.0.4] AndroidManifest.xml:26:5-32:19
MERGED from [com.google.firebase:firebase-measurement-connector-impl:17.0.4] AndroidManifest.xml:26:5-32:19
MERGED from [com.google.firebase:firebase-analytics:16.0.6] AndroidManifest.xml:28:5-53:19
MERGED from [com.google.firebase:firebase-analytics:16.0.6] AndroidManifest.xml:28:5-53:19
MERGED from [com.google.android.gms:play-services-measurement-api:16.0.4] AndroidManifest.xml:22:5-23:19
MERGED from [com.google.android.gms:play-services-measurement-api:16.0.4] AndroidManifest.xml:22:5-23:19
MERGED from [com.google.firebase:firebase-analytics-impl:16.2.4] AndroidManifest.xml:28:5-38:19
MERGED from [com.google.firebase:firebase-analytics-impl:16.2.4] AndroidManifest.xml:28:5-38:19
MERGED from [com.google.firebase:firebase-iid:17.0.3] AndroidManifest.xml:28:5-57:19
MERGED from [com.google.firebase:firebase-iid:17.0.3] AndroidManifest.xml:28:5-57:19
MERGED from [com.google.firebase:firebase-iid-interop:16.0.1] AndroidManifest.xml:7:5-8:19
MERGED from [com.google.firebase:firebase-iid-interop:16.0.1] AndroidManifest.xml:7:5-8:19
MERGED from [com.google.android.gms:play-services-base:16.0.1] AndroidManifest.xml:22:5-27:19
MERGED from [com.google.android.gms:play-services-base:16.0.1] AndroidManifest.xml:22:5-27:19
MERGED from [com.google.firebase:firebase-common:16.0.3] AndroidManifest.xml:9:5-15:19
MERGED from [com.google.firebase:firebase-common:16.0.3] AndroidManifest.xml:9:5-15:19
MERGED from [com.google.android.gms:play-services-tasks:16.0.1] AndroidManifest.xml:7:5-20
MERGED from [com.google.android.gms:play-services-tasks:16.0.1] AndroidManifest.xml:7:5-20
MERGED from [com.google.android.gms:play-services-ads-identifier:16.0.0] AndroidManifest.xml:22:5-20
MERGED from [com.google.android.gms:play-services-ads-identifier:16.0.0] AndroidManifest.xml:22:5-20
MERGED from [com.google.android.gms:play-services-ads-lite:17.1.2] AndroidManifest.xml:26:5-40:19
MERGED from [com.google.android.gms:play-services-ads-lite:17.1.2] AndroidManifest.xml:26:5-40:19
MERGED from [com.google.android.gms:play-services-gass:17.1.2] AndroidManifest.xml:7:5-20
MERGED from [com.google.android.gms:play-services-gass:17.1.2] AndroidManifest.xml:7:5-20
MERGED from [com.google.android.gms:play-services-places-placereport:16.0.0] AndroidManifest.xml:22:5-20
MERGED from [com.google.android.gms:play-services-places-placereport:16.0.0] AndroidManifest.xml:22:5-20
MERGED from [com.google.android.gms:play-services-measurement-sdk-api:16.0.4] AndroidManifest.xml:27:5-28:19
MERGED from [com.google.android.gms:play-services-measurement-sdk-api:16.0.4] AndroidManifest.xml:27:5-28:19
MERGED from [com.google.android.gms:play-services-measurement-base:16.0.5] AndroidManifest.xml:7:5-20
MERGED from [com.google.android.gms:play-services-measurement-base:16.0.5] AndroidManifest.xml:7:5-20
MERGED from [com.google.android.gms:play-services-stats:16.0.1] AndroidManifest.xml:7:5-20
MERGED from [com.google.android.gms:play-services-stats:16.0.1] AndroidManifest.xml:7:5-20
MERGED from [com.google.firebase:firebase-measurement-connector:17.0.1] AndroidManifest.xml:22:5-23:19
MERGED from [com.google.firebase:firebase-measurement-connector:17.0.1] AndroidManifest.xml:22:5-23:19
MERGED from [com.google.android.gms:play-services-basement:16.0.1] AndroidManifest.xml:22:5-26:19
MERGED from [com.google.android.gms:play-services-basement:16.0.1] AndroidManifest.xml:22:5-26:19
MERGED from [com.android.support:customtabs:26.1.0] AndroidManifest.xml:22:5-26:19
MERGED from [com.android.support:customtabs:26.1.0] AndroidManifest.xml:22:5-26:19
MERGED from [com.google.android.gms:play-services-ads-base:17.1.2] AndroidManifest.xml:7:5-20
MERGED from [com.google.android.gms:play-services-ads-base:17.1.2] AndroidManifest.xml:7:5-20
MERGED from [com.android.support:support-v4:26.1.0] AndroidManifest.xml:25:5-29:19
MERGED from [com.android.support:support-v4:26.1.0] AndroidManifest.xml:25:5-29:19
MERGED from [com.android.support:support-media-compat:26.1.0] AndroidManifest.xml:25:5-29:19
MERGED from [com.android.support:support-media-compat:26.1.0] AndroidManifest.xml:25:5-29:19
MERGED from [com.android.support:support-fragment:26.1.0] AndroidManifest.xml:25:5-29:19
MERGED from [com.android.support:support-fragment:26.1.0] AndroidManifest.xml:25:5-29:19
MERGED from [com.android.support:support-core-utils:26.1.0] AndroidManifest.xml:25:5-29:19
MERGED from [com.android.support:support-core-utils:26.1.0] AndroidManifest.xml:25:5-29:19
MERGED from [com.android.support:support-core-ui:26.1.0] AndroidManifest.xml:25:5-29:19
MERGED from [com.android.support:support-core-ui:26.1.0] AndroidManifest.xml:25:5-29:19
MERGED from [com.android.support:support-compat:26.1.0] AndroidManifest.xml:25:5-29:19
MERGED from [com.android.support:support-compat:26.1.0] AndroidManifest.xml:25:5-29:19
MERGED from [android.arch.lifecycle:runtime:1.0.0] AndroidManifest.xml:24:5-28:19
MERGED from [android.arch.lifecycle:runtime:1.0.0] AndroidManifest.xml:24:5-28:19
	android:label
		ADDED from src\main\AndroidManifest.xml:9:9-41
	tools:ignore
		ADDED from src\main\AndroidManifest.xml:14:9-48
	android:icon
		ADDED from src\main\AndroidManifest.xml:10:9-38
	android:allowBackup
		ADDED from src\main\AndroidManifest.xml:11:9-35
	android:networkSecurityConfig
		ADDED from src\main\AndroidManifest.xml:12:9-69
	android:name
		ADDED from src\main\AndroidManifest.xml:13:9-68
meta-data#com.google.android.gms.version
ADDED from src\main\AndroidManifest.xml:16:9-17:69
MERGED from [com.google.android.gms:play-services-basement:16.0.1] AndroidManifest.xml:23:9-25:69
MERGED from [com.google.android.gms:play-services-basement:16.0.1] AndroidManifest.xml:23:9-25:69
	android:value
		ADDED from src\main\AndroidManifest.xml:17:13-66
	android:name
		ADDED from src\main\AndroidManifest.xml:16:20-65
meta-data#com.google.android.gms.games.APP_ID
ADDED from src\main\AndroidManifest.xml:18:9-19:46
	android:value
		ADDED from src\main\AndroidManifest.xml:19:13-43
	android:name
		ADDED from src\main\AndroidManifest.xml:18:20-70
meta-data#com.google.android.gms.ads.APPLICATION_ID
ADDED from src\main\AndroidManifest.xml:20:9-22:69
	android:value
		ADDED from src\main\AndroidManifest.xml:22:13-67
	android:name
		ADDED from src\main\AndroidManifest.xml:21:13-69
uses-library#org.apache.http.legacy
ADDED from src\main\AndroidManifest.xml:25:9-27:40
	android:required
		ADDED from src\main\AndroidManifest.xml:27:13-37
	android:name
		ADDED from src\main\AndroidManifest.xml:26:13-50
activity#com.BuzzStudio.InstaEgg.PTPlayer
ADDED from src\main\AndroidManifest.xml:29:9-38:20
	android:screenOrientation
		ADDED from src\main\AndroidManifest.xml:31:13-49
	android:label
		ADDED from src\main\AndroidManifest.xml:30:13-45
	android:configChanges
		ADDED from src\main\AndroidManifest.xml:33:13-48
	android:theme
		ADDED from src\main\AndroidManifest.xml:32:13-71
	android:name
		ADDED from src\main\AndroidManifest.xml:29:19-43
intent-filter#action:name:android.intent.action.MAIN+category:name:android.intent.category.LAUNCHER
ADDED from src\main\AndroidManifest.xml:34:13-37:29
action#android.intent.action.MAIN
ADDED from src\main\AndroidManifest.xml:35:17-69
	android:name
		ADDED from src\main\AndroidManifest.xml:35:25-66
category#android.intent.category.LAUNCHER
ADDED from src\main\AndroidManifest.xml:36:17-77
	android:name
		ADDED from src\main\AndroidManifest.xml:36:27-74
activity#com.appodeal.ads.InterstitialActivity
ADDED from src\main\AndroidManifest.xml:41:9-43:74
	android:configChanges
		ADDED from src\main\AndroidManifest.xml:42:13-59
	android:theme
		ADDED from src\main\AndroidManifest.xml:43:13-71
	android:name
		ADDED from src\main\AndroidManifest.xml:41:19-71
activity#com.appodeal.ads.VideoActivity
ADDED from src\main\AndroidManifest.xml:44:9-46:74
	android:configChanges
		ADDED from src\main\AndroidManifest.xml:45:13-59
	android:theme
		ADDED from src\main\AndroidManifest.xml:46:13-71
	android:name
		ADDED from src\main\AndroidManifest.xml:44:19-64
activity#com.appodealx.mraid.MraidActivity
ADDED from src\main\AndroidManifest.xml:47:9-49:73
	android:configChanges
		ADDED from src\main\AndroidManifest.xml:48:13-59
	android:theme
		ADDED from src\main\AndroidManifest.xml:49:13-71
	android:name
		ADDED from src\main\AndroidManifest.xml:47:19-67
activity#com.appodeal.ads.VideoPlayerActivity
ADDED from src\main\AndroidManifest.xml:50:9-51:79
	android:theme
		ADDED from src\main\AndroidManifest.xml:51:13-77
	android:name
		ADDED from src\main\AndroidManifest.xml:50:19-70
receiver#com.appodeal.ads.AppodealPackageAddedReceiver
ADDED from src\main\AndroidManifest.xml:52:9-59:20
	android:enabled
		ADDED from src\main\AndroidManifest.xml:54:13-35
	android:exported
		ADDED from src\main\AndroidManifest.xml:53:13-36
	android:name
		ADDED from src\main\AndroidManifest.xml:52:19-79
intent-filter#action:name:android.intent.action.PACKAGE_ADDED+data:scheme:package
ADDED from src\main\AndroidManifest.xml:55:13-58:29
action#android.intent.action.PACKAGE_ADDED
ADDED from src\main\AndroidManifest.xml:56:17-78
	android:name
		ADDED from src\main\AndroidManifest.xml:56:25-75
data
ADDED from src\main\AndroidManifest.xml:57:17-50
	android:scheme
		ADDED from src\main\AndroidManifest.xml:57:23-47
activity#com.appodeal.ads.TestActivity
ADDED from src\main\AndroidManifest.xml:60:9-61:75
	android:theme
		ADDED from src\main\AndroidManifest.xml:61:13-72
	android:name
		ADDED from src\main\AndroidManifest.xml:60:19-63
activity#com.google.android.gms.ads.AdActivity
ADDED from src\main\AndroidManifest.xml:65:9-67:64
MERGED from [com.google.android.gms:play-services-ads-lite:17.1.2] AndroidManifest.xml:29:9-33:64
MERGED from [com.google.android.gms:play-services-ads-lite:17.1.2] AndroidManifest.xml:29:9-33:64
	android:exported
		ADDED from [com.google.android.gms:play-services-ads-lite:17.1.2] AndroidManifest.xml:32:13-37
	android:configChanges
		ADDED from src\main\AndroidManifest.xml:66:13-122
	android:theme
		ADDED from src\main\AndroidManifest.xml:67:13-61
	android:name
		ADDED from src\main\AndroidManifest.xml:65:19-71
activity#org.nexage.sourcekit.vast.activity.VASTActivity
ADDED from src\main\AndroidManifest.xml:69:9-71:76
	android:configChanges
		ADDED from src\main\AndroidManifest.xml:71:13-74
	android:theme
		ADDED from src\main\AndroidManifest.xml:70:13-71
	android:name
		ADDED from src\main\AndroidManifest.xml:69:19-81
activity#org.nexage.sourcekit.vast.activity.VPAIDActivity
ADDED from src\main\AndroidManifest.xml:73:9-74:74
	android:theme
		ADDED from src\main\AndroidManifest.xml:74:13-71
	android:name
		ADDED from src\main\AndroidManifest.xml:73:19-82
activity#com.appodeal.ads.networks.vpaid.VPAIDActivity
ADDED from src\main\AndroidManifest.xml:76:9-77:74
	android:theme
		ADDED from src\main\AndroidManifest.xml:77:13-71
	android:name
		ADDED from src\main\AndroidManifest.xml:76:19-79
activity#com.chartboost.sdk.CBImpressionActivity
ADDED from src\main\AndroidManifest.xml:80:9-84:77
	android:excludeFromRecents
		ADDED from src\main\AndroidManifest.xml:81:13-46
	android:hardwareAccelerated
		ADDED from src\main\AndroidManifest.xml:82:13-47
	android:configChanges
		ADDED from src\main\AndroidManifest.xml:84:13-74
	android:theme
		ADDED from src\main\AndroidManifest.xml:83:13-83
	android:name
		ADDED from src\main\AndroidManifest.xml:80:19-73
activity#com.applovin.adview.AppLovinInterstitialActivity
ADDED from src\main\AndroidManifest.xml:88:9-89:61
	android:configChanges
		ADDED from src\main\AndroidManifest.xml:89:13-59
	android:name
		ADDED from src\main\AndroidManifest.xml:88:19-82
activity#com.applovin.adview.AppLovinConfirmationActivity
ADDED from src\main\AndroidManifest.xml:90:9-91:61
	android:configChanges
		ADDED from src\main\AndroidManifest.xml:91:13-59
	android:name
		ADDED from src\main\AndroidManifest.xml:90:19-82
activity#com.mopub.common.privacy.ConsentDialogActivity
ADDED from src\main\AndroidManifest.xml:95:9-96:76
	android:configChanges
		ADDED from src\main\AndroidManifest.xml:96:13-74
	android:name
		ADDED from src\main\AndroidManifest.xml:95:19-80
activity#com.mopub.common.MoPubBrowser
ADDED from src\main\AndroidManifest.xml:97:9-98:76
	android:configChanges
		ADDED from src\main\AndroidManifest.xml:98:13-74
	android:name
		ADDED from src\main\AndroidManifest.xml:97:19-63
activity#com.mopub.mobileads.MoPubActivity
ADDED from src\main\AndroidManifest.xml:99:9-100:77
	android:configChanges
		ADDED from src\main\AndroidManifest.xml:100:13-74
	android:name
		ADDED from src\main\AndroidManifest.xml:99:19-67
activity#com.mopub.mobileads.MraidActivity
ADDED from src\main\AndroidManifest.xml:101:9-102:76
	android:configChanges
		ADDED from src\main\AndroidManifest.xml:102:13-74
	android:name
		ADDED from src\main\AndroidManifest.xml:101:19-67
activity#com.mopub.mobileads.RewardedMraidActivity
ADDED from src\main\AndroidManifest.xml:103:9-104:76
	android:configChanges
		ADDED from src\main\AndroidManifest.xml:104:13-74
	android:name
		ADDED from src\main\AndroidManifest.xml:103:19-75
activity#com.mopub.mobileads.MraidVideoPlayerActivity
ADDED from src\main\AndroidManifest.xml:105:9-106:76
	android:configChanges
		ADDED from src\main\AndroidManifest.xml:106:13-74
	android:name
		ADDED from src\main\AndroidManifest.xml:105:19-78
activity#com.amazon.device.ads.AdActivity
ADDED from src\main\AndroidManifest.xml:110:9-111:76
	android:configChanges
		ADDED from src\main\AndroidManifest.xml:111:13-74
	android:name
		ADDED from src\main\AndroidManifest.xml:110:19-66
activity#com.facebook.ads.AudienceNetworkActivity
ADDED from src\main\AndroidManifest.xml:116:9-119:40
	android:exported
		ADDED from src\main\AndroidManifest.xml:119:13-37
	android:configChanges
		ADDED from src\main\AndroidManifest.xml:118:13-74
	android:name
		ADDED from src\main\AndroidManifest.xml:117:13-68
activity#com.facebook.ads.internal.ipc.RemoteANActivity
ADDED from src\main\AndroidManifest.xml:120:9-124:39
	android:process
		ADDED from src\main\AndroidManifest.xml:124:13-36
	android:exported
		ADDED from src\main\AndroidManifest.xml:123:13-37
	android:configChanges
		ADDED from src\main\AndroidManifest.xml:122:13-74
	android:name
		ADDED from src\main\AndroidManifest.xml:121:13-74
service#com.facebook.ads.internal.ipc.AdsProcessPriorityService
ADDED from src\main\AndroidManifest.xml:125:9-127:40
	android:exported
		ADDED from src\main\AndroidManifest.xml:127:13-37
	android:name
		ADDED from src\main\AndroidManifest.xml:126:13-83
service#com.facebook.ads.internal.ipc.AdsMessengerService
ADDED from src\main\AndroidManifest.xml:128:9-131:39
	android:process
		ADDED from src\main\AndroidManifest.xml:131:13-36
	android:exported
		ADDED from src\main\AndroidManifest.xml:130:13-37
	android:name
		ADDED from src\main\AndroidManifest.xml:129:13-77
activity#com.startapp.android.publish.ads.list3d.List3DActivity
ADDED from src\main\AndroidManifest.xml:136:9-137:52
	android:theme
		ADDED from src\main\AndroidManifest.xml:137:13-49
	android:name
		ADDED from src\main\AndroidManifest.xml:136:19-88
activity#com.startapp.android.publish.adsCommon.activities.OverlayActivity
ADDED from src\main\AndroidManifest.xml:139:9-141:77
	android:configChanges
		ADDED from src\main\AndroidManifest.xml:141:13-74
	android:theme
		ADDED from src\main\AndroidManifest.xml:140:13-61
	android:name
		ADDED from src\main\AndroidManifest.xml:139:19-99
activity#com.startapp.android.publish.adsCommon.activities.FullScreenActivity
ADDED from src\main\AndroidManifest.xml:143:9-145:77
	android:configChanges
		ADDED from src\main\AndroidManifest.xml:145:13-74
	android:theme
		ADDED from src\main\AndroidManifest.xml:144:13-49
	android:name
		ADDED from src\main\AndroidManifest.xml:143:19-102
service#com.startapp.android.publish.common.metaData.PeriodicMetaDataService
ADDED from src\main\AndroidManifest.xml:147:9-104
	android:name
		ADDED from src\main\AndroidManifest.xml:147:18-101
service#com.startapp.android.publish.common.metaData.InfoEventService
ADDED from src\main\AndroidManifest.xml:149:9-97
	android:name
		ADDED from src\main\AndroidManifest.xml:149:18-94
service#com.startapp.android.publish.common.metaData.PeriodicJobService
ADDED from src\main\AndroidManifest.xml:151:9-152:72
	android:permission
		ADDED from src\main\AndroidManifest.xml:152:13-69
	android:name
		ADDED from src\main\AndroidManifest.xml:151:18-96
receiver#com.startapp.android.publish.common.metaData.BootCompleteListener
ADDED from src\main\AndroidManifest.xml:153:9-157:20
	android:name
		ADDED from src\main\AndroidManifest.xml:153:19-99
intent-filter#action:name:android.intent.action.BOOT_COMPLETED
ADDED from src\main\AndroidManifest.xml:154:13-156:29
action#android.intent.action.BOOT_COMPLETED
ADDED from src\main\AndroidManifest.xml:155:17-79
	android:name
		ADDED from src\main\AndroidManifest.xml:155:25-76
service#com.yandex.metrica.MetricaService
ADDED from src\main\AndroidManifest.xml:161:9-173:19
	android:process
		ADDED from src\main\AndroidManifest.xml:164:13-39
	android:enabled
		ADDED from src\main\AndroidManifest.xml:162:13-35
	android:exported
		ADDED from src\main\AndroidManifest.xml:163:13-36
	tools:ignore
		ADDED from src\main\AndroidManifest.xml:165:13-43
	android:name
		ADDED from src\main\AndroidManifest.xml:161:18-66
intent-filter#action:name:com.yandex.metrica.IMetricaService+category:name:android.intent.category.DEFAULT+data:scheme:metrica
ADDED from src\main\AndroidManifest.xml:166:13-170:29
category#android.intent.category.DEFAULT
ADDED from src\main\AndroidManifest.xml:167:17-76
	android:name
		ADDED from src\main\AndroidManifest.xml:167:27-73
action#com.yandex.metrica.IMetricaService
ADDED from src\main\AndroidManifest.xml:168:17-77
	android:name
		ADDED from src\main\AndroidManifest.xml:168:25-74
meta-data#metrica:api:level
ADDED from src\main\AndroidManifest.xml:171:13-172:38
	android:value
		ADDED from src\main\AndroidManifest.xml:172:17-35
	android:name
		ADDED from src\main\AndroidManifest.xml:171:24-56
service#com.yandex.metrica.ConfigurationService
ADDED from src\main\AndroidManifest.xml:174:9-183:19
	android:process
		ADDED from src\main\AndroidManifest.xml:177:13-39
	android:enabled
		ADDED from src\main\AndroidManifest.xml:175:13-35
	android:exported
		ADDED from src\main\AndroidManifest.xml:176:13-36
	tools:ignore
		ADDED from src\main\AndroidManifest.xml:178:13-43
	android:name
		ADDED from src\main\AndroidManifest.xml:174:18-72
meta-data#metrica:configuration:api:level
ADDED from src\main\AndroidManifest.xml:179:13-91
	android:value
		ADDED from src\main\AndroidManifest.xml:179:71-88
	android:name
		ADDED from src\main\AndroidManifest.xml:179:24-70
intent-filter#action:name:com.yandex.metrica.configuration.ACTION_START
ADDED from src\main\AndroidManifest.xml:180:13-182:29
action#com.yandex.metrica.configuration.ACTION_START
ADDED from src\main\AndroidManifest.xml:181:17-88
	android:name
		ADDED from src\main\AndroidManifest.xml:181:25-85
service#com.yandex.metrica.ConfigurationJobService
ADDED from src\main\AndroidManifest.xml:184:9-188:19
	android:process
		ADDED from src\main\AndroidManifest.xml:187:13-39
	android:enabled
		ADDED from src\main\AndroidManifest.xml:185:13-35
	android:exported
		ADDED from src\main\AndroidManifest.xml:185:36-60
	android:permission
		ADDED from src\main\AndroidManifest.xml:186:13-69
	android:name
		ADDED from src\main\AndroidManifest.xml:184:18-75
receiver#com.yandex.metrica.MetricaEventHandler
ADDED from src\main\AndroidManifest.xml:189:9-196:20
	android:enabled
		ADDED from src\main\AndroidManifest.xml:190:13-35
	android:exported
		ADDED from src\main\AndroidManifest.xml:191:13-36
	tools:ignore
		ADDED from src\main\AndroidManifest.xml:192:13-44
	android:name
		ADDED from src\main\AndroidManifest.xml:189:19-72
intent-filter#action:name:com.android.vending.INSTALL_REFERRER
ADDED from src\main\AndroidManifest.xml:193:13-195:29
action#com.android.vending.INSTALL_REFERRER
ADDED from src\main\AndroidManifest.xml:194:17-79
	android:name
		ADDED from src\main\AndroidManifest.xml:194:25-76
activity#com.yandex.mobile.ads.AdActivity
ADDED from src\main\AndroidManifest.xml:201:9-202:125
	android:configChanges
		ADDED from src\main\AndroidManifest.xml:202:13-122
	android:name
		ADDED from src\main\AndroidManifest.xml:201:19-66
activity#com.unity3d.ads.adunit.AdUnitActivity
ADDED from src\main\AndroidManifest.xml:206:9-209:50
	android:hardwareAccelerated
		ADDED from src\main\AndroidManifest.xml:209:13-47
	android:configChanges
		ADDED from src\main\AndroidManifest.xml:207:13-170
	android:theme
		ADDED from src\main\AndroidManifest.xml:208:13-71
	android:name
		ADDED from src\main\AndroidManifest.xml:206:19-71
activity#com.unity3d.ads.adunit.AdUnitSoftwareActivity
ADDED from src\main\AndroidManifest.xml:210:9-213:51
	android:hardwareAccelerated
		ADDED from src\main\AndroidManifest.xml:213:13-48
	android:configChanges
		ADDED from src\main\AndroidManifest.xml:211:13-170
	android:theme
		ADDED from src\main\AndroidManifest.xml:212:13-71
	android:name
		ADDED from src\main\AndroidManifest.xml:210:19-79
activity#com.unity3d.ads.adunit.AdUnitTransparentActivity
ADDED from src\main\AndroidManifest.xml:214:9-217:50
	android:hardwareAccelerated
		ADDED from src\main\AndroidManifest.xml:217:13-47
	android:configChanges
		ADDED from src\main\AndroidManifest.xml:215:13-170
	android:theme
		ADDED from src\main\AndroidManifest.xml:216:13-83
	android:name
		ADDED from src\main\AndroidManifest.xml:214:19-82
activity#com.unity3d.ads.adunit.AdUnitTransparentSoftwareActivity
ADDED from src\main\AndroidManifest.xml:218:9-221:51
	android:hardwareAccelerated
		ADDED from src\main\AndroidManifest.xml:221:13-48
	android:configChanges
		ADDED from src\main\AndroidManifest.xml:219:13-170
	android:theme
		ADDED from src\main\AndroidManifest.xml:220:13-83
	android:name
		ADDED from src\main\AndroidManifest.xml:218:19-90
activity#com.unity3d.ads2.adunit.AdUnitActivity